<?xml version="1.0" encoding="UTF-8"?>
<!-- Generated by org.testng.reporters.JUnitReportReporter -->
<testsuite skipped="0" hostname="mslaptop" name="testNG.TNG07_Properties" tests="1" failures="0" timestamp="20 Oct 2019 17:29:52 GMT" time="11.070" errors="0">
  <testcase name="Login" time="11.070" classname="testNG.TNG07_Properties"/>
</testsuite> <!-- testNG.TNG07_Properties -->
